2013-03-23 17:23:16.525840 1 bok cekam
2013-03-23 17:23:27.101844 1 bok cekam
2013-03-23 17:23:28.697023 1 bok cekam
2013-03-23 17:23:29.364813 1 bok cekam
2013-03-23 17:23:30.029118 1 bok cekam
2013-03-23 17:23:31.413482 1 bok cekam
2013-03-23 17:23:32.322067 1 bok cekam
2013-03-23 17:23:33.157469 1 bok cekam
2013-03-23 17:23:33.922507 1 bok cekam
2013-03-23 17:23:34.615068 1 bok cekam
2013-03-23 17:23:35.242089 1 bok cekam
2013-03-23 17:23:35.725694 1 bok cekam
2013-03-23 17:23:39.060985 2 bok sviram
2013-03-23 17:23:40.216205 2 bok sviram
2013-03-23 17:23:41.232845 2 bok sviram
2013-03-23 17:23:41.853156 2 bok sviram
2013-03-23 17:23:42.330201 2 bok sviram
2013-03-23 17:30:17.834090 2 bok sviram
2013-03-23 19:44:01.362656 1 ring cekam
2013-03-23 19:44:01.363284 2 melodija sviram
2013-03-23 19:45:01.479845 1 ring cekam
2013-03-23 19:45:01.481135 2 melodija sviram
2013-03-23 19:46:01.579878 1 ring sviram, sam sam
